0 info it worked if it ends with ok
1 verbose cli [ 'C:\\Program Files\\nodejs\\node.exe',
1 verbose cli   'C:\\Program Files\\nodejs\\node_modules\\npm\\bin\\npm-cli.js',
1 verbose cli   'publish' ]
2 info using npm@3.10.10
3 info using node@v6.11.0
4 verbose publish [ '.' ]
5 silly cache add args [ '.', null ]
6 verbose cache add spec .
7 silly cache add parsed spec Result {
7 silly cache add   raw: '.',
7 silly cache add   scope: null,
7 silly cache add   escapedName: null,
7 silly cache add   name: null,
7 silly cache add   rawSpec: '.',
7 silly cache add   spec: 'C:\\cacp\\platzi\\fundamentosJs\\platzom',
7 silly cache add   type: 'directory' }
8 verbose addLocalDirectory C:\Users\SOLRAK\AppData\Roaming\npm-cache\@SOLRAK77\platzom\0.1.0\package.tgz not in flight; packing
9 verbose correctMkdir C:\Users\SOLRAK\AppData\Roaming\npm-cache correctMkdir not in flight; initializing
10 info lifecycle @SOLRAK77/platzom@0.1.0~prepublish: @SOLRAK77/platzom@0.1.0
11 silly lifecycle @SOLRAK77/platzom@0.1.0~prepublish: no script for prepublish, continuing
12 verbose tar pack [ 'C:\\Users\\SOLRAK\\AppData\\Roaming\\npm-cache\\@SOLRAK77\\platzom\\0.1.0\\package.tgz',
12 verbose tar pack   'C:\\cacp\\platzi\\fundamentosJs\\platzom' ]
13 verbose tarball C:\Users\SOLRAK\AppData\Roaming\npm-cache\@SOLRAK77\platzom\0.1.0\package.tgz
14 verbose folder C:\cacp\platzi\fundamentosJs\platzom
15 verbose addLocalTarball adding from inside cache C:\Users\SOLRAK\AppData\Roaming\npm-cache\@SOLRAK77\platzom\0.1.0\package.tgz
16 verbose correctMkdir C:\Users\SOLRAK\AppData\Roaming\npm-cache correctMkdir not in flight; initializing
17 silly cache afterAdd @SOLRAK77/platzom@0.1.0
18 verbose afterAdd C:\Users\SOLRAK\AppData\Roaming\npm-cache\@SOLRAK77\platzom\0.1.0\package\package.json not in flight; writing
19 verbose correctMkdir C:\Users\SOLRAK\AppData\Roaming\npm-cache correctMkdir not in flight; initializing
20 verbose afterAdd C:\Users\SOLRAK\AppData\Roaming\npm-cache\@SOLRAK77\platzom\0.1.0\package\package.json written
21 silly publish { name: '@SOLRAK77/platzom',
21 silly publish   version: '0.1.0',
21 silly publish   description: 'Traductor de idioma platzom',
21 silly publish   main: 'dist/src/platzom.js',
21 silly publish   scripts: { build: 'babel src/platzom.js -d dist', test: 'mocha' },
21 silly publish   repository:
21 silly publish    { type: 'git',
21 silly publish      url: 'git+ssh://git@gitlab.com/SOLRAK_77/platzom.git' },
21 silly publish   keywords: [ 'platzom', 'platzi', 'fundamentos', 'javascript', 'js' ],
21 silly publish   author:
21 silly publish    { name: 'Carlos castillo perez',
21 silly publish      email: 'ccastillo.perez77@gmail.com' },
21 silly publish   license: 'MIT',
21 silly publish   bugs: { url: 'https://gitlab.com/SOLRAK_77/platzom/issues' },
21 silly publish   devDependencies:
21 silly publish    { 'babel-cli': '^6.24.1',
21 silly publish      'babel-preset-env': '^1.5.2',
21 silly publish      chai: '^4.0.2',
21 silly publish      mocha: '^3.4.2' },
21 silly publish   readme: '<<<<<<< HEAD\r\n# platzon\r\n=======\r\n# platzom\r\n\r\nPlatzom es un idioma inventado para el [curso de Fundamentos de Javascript](https://platzi/js) de platzi, el mejor lugar de educación online\r\n\r\n## Descripción del idioma\r\n\r\n- Si la palabra termina en "ar", se le quitan esos dos caracteres\r\n- Si la palabra inicia con Z se le agrega "pe" al final\r\n- Si la palabra tiene 10 o mas letras cortar a la mitad la cadena y colocar\r\n  guion medio\r\n- Si la palabra original es un palindromo\r\n  ninguna regla anterior cuenta y se devuelve\r\n  la mima palabra intercalando mayuscualas y minuccula\r\n\r\n## Install\r\n```\r\nnpm Install platzom\r\n```\r\n\r\n## USE\r\n\r\n```\r\nimport platzom from \'platzom\'\r\n\r\nconsole.log(platzon("Programar"));\r\nconsole.log(platzon("Zorro"));\r\nconsole.log(platzon("zarpar"));\r\nconsole.log(platzon("abecedario"));\r\nconsole.log(platzon("cantinflearf"));\r\nconsole.log(plazton("sometemos");\r\n\r\n```\r\n## Credits\r\n\r\n- [Carlos Castillo] (https://twitter.com/solrak77)\r\n\r\n## Licencia\r\n\r\n- [MIT](https://opensource.org/licenses/MIT)\r\n>>>>>>> Inicializa de codigo\r\n',
21 silly publish   readmeFilename: 'README.md',
21 silly publish   gitHead: '82702ae4bae12e5ce4075c680478d24a0aa3f204',
21 silly publish   homepage: 'https://gitlab.com/SOLRAK_77/platzom#README',
21 silly publish   _id: '@SOLRAK77/platzom@0.1.0',
21 silly publish   _shasum: '4b32503b4ab38cf00358c712b5a698f4080f57a4',
21 silly publish   _from: '.' }
22 verbose getPublishConfig undefined
23 silly mapToRegistry name @SOLRAK77/platzom
24 silly mapToRegistry scope (from package name) @SOLRAK77
25 verbose mapToRegistry no registry URL found in name for scope @SOLRAK77
26 silly mapToRegistry using default registry
27 silly mapToRegistry registry https://registry.npmjs.org/
28 silly mapToRegistry data Result {
28 silly mapToRegistry   raw: '@SOLRAK77/platzom',
28 silly mapToRegistry   scope: '@SOLRAK77',
28 silly mapToRegistry   escapedName: '@SOLRAK77%2fplatzom',
28 silly mapToRegistry   name: '@SOLRAK77/platzom',
28 silly mapToRegistry   rawSpec: '',
28 silly mapToRegistry   spec: 'latest',
28 silly mapToRegistry   type: 'tag' }
29 silly mapToRegistry uri https://registry.npmjs.org/@SOLRAK77%2fplatzom
30 verbose publish registryBase https://registry.npmjs.org/
31 silly publish uploading C:\Users\SOLRAK\AppData\Roaming\npm-cache\@SOLRAK77\platzom\0.1.0\package.tgz
32 verbose request uri https://registry.npmjs.org/@SOLRAK77%2fplatzom
33 verbose request sending authorization for write operation
34 info attempt registry request try #1 at 13:50:14
35 verbose request using bearer token for auth
36 verbose request id 297277edfb4f6aa1
37 http request PUT https://registry.npmjs.org/@SOLRAK77%2fplatzom
38 http 402 https://registry.npmjs.org/@SOLRAK77%2fplatzom
39 verbose headers { 'content-type': 'application/json',
39 verbose headers   'cache-control': 'max-age=0',
39 verbose headers   'content-length': '119',
39 verbose headers   'accept-ranges': 'bytes',
39 verbose headers   date: 'Sun, 02 Jul 2017 18:50:16 GMT',
39 verbose headers   via: '1.1 varnish',
39 verbose headers   connection: 'keep-alive',
39 verbose headers   'x-served-by': 'cache-lax8646-LAX',
39 verbose headers   'x-cache': 'MISS',
39 verbose headers   'x-cache-hits': '0',
39 verbose headers   'x-timer': 'S1499021416.691550,VS0,VE361' }
40 verbose request invalidating C:\Users\SOLRAK\AppData\Roaming\npm-cache\registry.npmjs.org\_40SOLRAK77_252fplatzom on PUT
41 error publish Failed PUT 402
42 verbose stack Error: You need a paid account to perform this action. For more info, visit: https://www.npmjs.com/private-modules : @SOLRAK77/platzom
42 verbose stack     at makeError (C:\Program Files\nodejs\node_modules\npm\node_modules\npm-registry-client\lib\request.js:302:12)
42 verbose stack     at CachingRegistryClient.<anonymous> (C:\Program Files\nodejs\node_modules\npm\node_modules\npm-registry-client\lib\request.js:290:14)
42 verbose stack     at Request._callback (C:\Program Files\nodejs\node_modules\npm\node_modules\npm-registry-client\lib\request.js:210:14)
42 verbose stack     at Request.self.callback (C:\Program Files\nodejs\node_modules\npm\node_modules\request\request.js:187:22)
42 verbose stack     at emitTwo (events.js:106:13)
42 verbose stack     at Request.emit (events.js:191:7)
42 verbose stack     at Request.<anonymous> (C:\Program Files\nodejs\node_modules\npm\node_modules\request\request.js:1048:10)
42 verbose stack     at emitOne (events.js:96:13)
42 verbose stack     at Request.emit (events.js:188:7)
42 verbose stack     at IncomingMessage.<anonymous> (C:\Program Files\nodejs\node_modules\npm\node_modules\request\request.js:969:12)
43 verbose statusCode 402
44 verbose pkgid @SOLRAK77/platzom
45 verbose cwd C:\cacp\platzi\fundamentosJs\platzom
46 error Windows_NT 10.0.15063
47 error argv "C:\\Program Files\\nodejs\\node.exe" "C:\\Program Files\\nodejs\\node_modules\\npm\\bin\\npm-cli.js" "publish"
48 error node v6.11.0
49 error npm  v3.10.10
50 error code E402
51 error You need a paid account to perform this action. For more info, visit: https://www.npmjs.com/private-modules : @SOLRAK77/platzom
52 error If you need help, you may report this error at:
52 error     <https://github.com/npm/npm/issues>
53 verbose exit [ 1, true ]
